<?xml version="1.0" encoding="utf-8"?>
<testsuites>
    <testsuite name="E2E Tests" errors="0" failures="0" skipped="0" tests="4" time="0.010"
        timestamp="2025-06-20T00:48:06.464432" hostname="mac-1.home">
        <testcase classname="api_endpoints.request" name="Will auth with env" time="0.002">
            <properties>
                <property name="test_environment" value="dev" />
                <property name="test_file"
                    value="/Users/hubert.marzec/code/im/tests/e2e/test_api_endpoints.py" />
                <property name="test_timestamp" value="2025-06-20T00:48:06.470556" />
                <property name="client_id" value="dev-client-id" />
                <property name="secret_id" value="dev-secret" />
                <property name="param_logs"
                    value="INFO     test_api_endpoints:test_api_endpoints.py:21 Additional evidence from test execution&#10;INFO     test_api_endpoints:test_api_endpoints.py:25 Are important data which should be visible in the report&#10;" />
            </properties>
        </testcase>
        <testcase classname="api_endpoints.request" name="Will pass parametrized test[3+5-8]"
            time="0.000">
            <properties>
                <property name="test_environment" value="dev" />
                <property name="test_file"
                    value="/Users/hubert.marzec/code/im/tests/e2e/test_api_endpoints.py" />
                <property name="test_timestamp" value="2025-06-20T00:48:06.472869" />
                <property name="param_test_input" value="3+5" />
                <property name="param_expected" value="8" />
                <property name="param_logs"
                    value="INFO     test_api_endpoints:test_api_endpoints.py:41 Testing calculation: 3+5 = 8&#10;INFO     test_api_endpoints:test_api_endpoints.py:43 Test passed: 3+5 = 8&#10;" />
            </properties>
        </testcase>
        <testcase classname="api_endpoints.request" name="Will pass parametrized test[2+4-6]"
            time="0.000">
            <properties>
                <property name="test_environment" value="dev" />
                <property name="test_file"
                    value="/Users/hubert.marzec/code/im/tests/e2e/test_api_endpoints.py" />
                <property name="test_timestamp" value="2025-06-20T00:48:06.473315" />
                <property name="param_test_input" value="2+4" />
                <property name="param_expected" value="6" />
                <property name="param_logs"
                    value="INFO     test_api_endpoints:test_api_endpoints.py:41 Testing calculation: 2+4 = 6&#10;INFO     test_api_endpoints:test_api_endpoints.py:43 Test passed: 2+4 = 6&#10;" />
            </properties>
        </testcase>
        <testcase classname="api_endpoints.request" name="Will pass parametrized test[6*9-54]"
            time="0.000">
            <properties>
                <property name="test_environment" value="dev" />
                <property name="test_file"
                    value="/Users/hubert.marzec/code/im/tests/e2e/test_api_endpoints.py" />
                <property name="test_timestamp" value="2025-06-20T00:48:06.473755" />
                <property name="param_test_input" value="6*9" />
                <property name="param_expected" value="54" />
                <property name="param_logs"
                    value="INFO     test_api_endpoints:test_api_endpoints.py:41 Testing calculation: 6*9 = 54&#10;INFO     test_api_endpoints:test_api_endpoints.py:43 Test passed: 6*9 = 54&#10;" />
            </properties>
        </testcase>
    </testsuite>
</testsuites>